[debug] [2022-11-04T11:53:05.792Z] ----------------------------------------------------------------------
[debug] [2022-11-04T11:53:05.794Z] Command:       C:\Program Files\nodejs\node.exe C:\Program Files\nodejs\node_modules\firebase-tools\lib\bin\firebase.js init
[debug] [2022-11-04T11:53:05.794Z] CLI Version:   11.16.0
[debug] [2022-11-04T11:53:05.794Z] Platform:      win32
[debug] [2022-11-04T11:53:05.794Z] Node Version:  v14.18.0
[debug] [2022-11-04T11:53:05.797Z] Time:          Fri Nov 04 2022 17:23:05 GMT+0530 (India Standard Time)
[debug] [2022-11-04T11:53:05.798Z] ----------------------------------------------------------------------
[debug] 
[debug] [2022-11-04T11:53:05.809Z] > command requires scopes: ["email","openid","https://www.googleapis.com/auth/cloudplatformprojects.readonly","https://www.googleapis.com/auth/firebase","https://www.googleapis.com/auth/cloud-platform"]
[debug] [2022-11-04T11:53:05.809Z] > authorizing via signed-in user (orange143varathod@gmail.com)
[info] 
     ######## #### ########  ######## ########     ###     ######  ########
     ##        ##  ##     ## ##       ##     ##  ##   ##  ##       ##
     ######    ##  ########  ######   ########  #########  ######  ######
     ##        ##  ##    ##  ##       ##     ## ##     ##       ## ##
     ##       #### ##     ## ######## ########  ##     ##  ######  ########

You're about to initialize a Firebase project in this directory:

  C:\Users\RameshRathod\Desktop\AL\shopping-website-frontend\src

[info] 
=== Project Setup
[info] 
[info] First, let's associate this project directory with a Firebase project.
[info] You can create multiple project aliases by running firebase use --add, 
[info] but for now we'll just set up a default project.
[info] 
[debug] [2022-11-04T11:53:32.395Z] >>> [apiv2][query] GET https://firebase.googleapis.com/v1beta1/projects pageSize=100
[debug] [2022-11-04T11:53:33.418Z] <<< [apiv2][status] GET https://firebase.googleapis.com/v1beta1/projects 200
[debug] [2022-11-04T11:53:33.418Z] <<< [apiv2][body] GET https://firebase.googleapis.com/v1beta1/projects [omitted]
[debug] [2022-11-04T11:54:08.906Z] ----------------------------------------------------------------------
[debug] [2022-11-04T11:54:08.908Z] Command:       C:\Program Files\nodejs\node.exe C:\Program Files\nodejs\node_modules\firebase-tools\lib\bin\firebase.js init
[debug] [2022-11-04T11:54:08.908Z] CLI Version:   11.16.0
[debug] [2022-11-04T11:54:08.908Z] Platform:      win32
[debug] [2022-11-04T11:54:08.908Z] Node Version:  v14.18.0
[debug] [2022-11-04T11:54:08.909Z] Time:          Fri Nov 04 2022 17:24:08 GMT+0530 (India Standard Time)
[debug] [2022-11-04T11:54:08.909Z] ----------------------------------------------------------------------
[debug] 
[debug] [2022-11-04T11:54:08.917Z] > command requires scopes: ["email","openid","https://www.googleapis.com/auth/cloudplatformprojects.readonly","https://www.googleapis.com/auth/firebase","https://www.googleapis.com/auth/cloud-platform"]
[debug] [2022-11-04T11:54:08.917Z] > authorizing via signed-in user (orange143varathod@gmail.com)
[info] 
     ######## #### ########  ######## ########     ###     ######  ########
     ##        ##  ##     ## ##       ##     ##  ##   ##  ##       ##
     ######    ##  ########  ######   ########  #########  ######  ######
     ##        ##  ##    ##  ##       ##     ## ##     ##       ## ##
     ##       #### ##     ## ######## ########  ##     ##  ######  ########

You're about to initialize a Firebase project in this directory:

  C:\Users\RameshRathod\Desktop\AL\shopping-website-frontend\src

[info] 
=== Project Setup
[info] 
[info] First, let's associate this project directory with a Firebase project.
[info] You can create multiple project aliases by running firebase use --add, 
[info] but for now we'll just set up a default project.
[info] 
[debug] [2022-11-04T11:54:16.595Z] >>> [apiv2][query] GET https://firebase.googleapis.com/v1beta1/projects pageSize=100
[debug] [2022-11-04T11:54:17.557Z] <<< [apiv2][status] GET https://firebase.googleapis.com/v1beta1/projects 200
[debug] [2022-11-04T11:54:17.557Z] <<< [apiv2][body] GET https://firebase.googleapis.com/v1beta1/projects [omitted]
